<?xml version="1.0" encoding="UTF-8"?>
<testsuite name="com.concert.api.controller.AuthControllerTest" tests="1" skipped="0" failures="0" errors="0" timestamp="2025-12-30T06:01:41.386Z" hostname="hadong-won-ui-MacBookPro.local" time="0.071">
  <properties/>
  <testcase name="인증번호 발송 성공 테스트" classname="com.concert.api.controller.AuthControllerTest" time="0.071"/>
  <system-out><![CDATA[15:01:38.834 [Test worker] INFO org.springframework.test.context.support.AnnotationConfigContextLoaderUtils -- Could not detect default configuration classes for test class [com.concert.api.controller.AuthControllerTest]: AuthControllerTest does not declare any static, non-private, non-final, nested classes annotated with @Configuration.
15:01:38.895 [Test worker] INFO org.springframework.boot.test.context.SpringBootTestContextBootstrapper -- Found @SpringBootConfiguration com.concert.api.ApiServerApplication for test class com.concert.api.controller.AuthControllerTest

  .   ____          _            __ _ _
 /\\ / ___'_ __ _ _(_)_ __  __ _ \ \ \ \
( ( )\___ | '_ | '_| | '_ \/ _` | \ \ \ \
 \\/  ___)| |_)| | | | | || (_| |  ) ) ) )
  '  |____| .__|_| |_|_| |_\__, | / / / /
 =========|_|==============|___/=/_/_/_/
 :: Spring Boot ::                (v3.2.1)

2025-12-30T15:01:39.049+09:00  INFO 97215 --- [    Test worker] c.c.api.controller.AuthControllerTest    : Starting AuthControllerTest using Java 21.0.3 with PID 97215 (started by hadong in /Users/hadong/Desktop/study/gemini_test/concert-ticket-system/backend/api-server)
2025-12-30T15:01:39.050+09:00  INFO 97215 --- [    Test worker] c.c.api.controller.AuthControllerTest    : No active profile set, falling back to 1 default profile: "default"
2025-12-30T15:01:39.252+09:00  INFO 97215 --- [    Test worker] .s.d.r.c.RepositoryConfigurationDelegate : Multiple Spring Data modules found, entering strict repository configuration mode
2025-12-30T15:01:39.252+09:00  INFO 97215 --- [    Test worker] .s.d.r.c.RepositoryConfigurationDelegate : Bootstrapping Spring Data JPA repositories in DEFAULT mode.
2025-12-30T15:01:39.307+09:00  INFO 97215 --- [    Test worker] .s.d.r.c.RepositoryConfigurationDelegate : Finished Spring Data repository scanning in 51 ms. Found 1 JPA repository interface.
2025-12-30T15:01:39.410+09:00  INFO 97215 --- [    Test worker] .s.d.r.c.RepositoryConfigurationDelegate : Multiple Spring Data modules found, entering strict repository configuration mode
2025-12-30T15:01:39.411+09:00  INFO 97215 --- [    Test worker] .s.d.r.c.RepositoryConfigurationDelegate : Bootstrapping Spring Data Redis repositories in DEFAULT mode.
2025-12-30T15:01:39.420+09:00  INFO 97215 --- [    Test worker] .RepositoryConfigurationExtensionSupport : Spring Data Redis - Could not safely identify store assignment for repository candidate interface com.concert.api.repository.UserRepository; If you want this repository to be a Redis repository, consider annotating your entities with one of these annotations: org.springframework.data.redis.core.RedisHash (preferred), or consider extending one of the following types with your repository: org.springframework.data.keyvalue.repository.KeyValueRepository
2025-12-30T15:01:39.420+09:00  INFO 97215 --- [    Test worker] .s.d.r.c.RepositoryConfigurationDelegate : Finished Spring Data repository scanning in 6 ms. Found 0 Redis repository interfaces.
2025-12-30T15:01:40.116+09:00  INFO 97215 --- [    Test worker] o.hibernate.jpa.internal.util.LogHelper  : HHH000204: Processing PersistenceUnitInfo [name: default]
2025-12-30T15:01:40.144+09:00  INFO 97215 --- [    Test worker] org.hibernate.Version                    : HHH000412: Hibernate ORM core version 6.4.1.Final
2025-12-30T15:01:40.159+09:00  INFO 97215 --- [    Test worker] o.h.c.internal.RegionFactoryInitiator    : HHH000026: Second-level cache disabled
2025-12-30T15:01:40.204+09:00  INFO 97215 --- [    Test worker] o.s.o.j.p.SpringPersistenceUnitInfo      : No LoadTimeWeaver setup: ignoring JPA class transformer
2025-12-30T15:01:40.215+09:00  INFO 97215 --- [    Test worker] com.zaxxer.hikari.HikariDataSource       : HikariPool-1 - Starting...
2025-12-30T15:01:40.427+09:00  INFO 97215 --- [    Test worker] com.zaxxer.hikari.pool.HikariPool        : HikariPool-1 - Added connection com.mysql.cj.jdbc.ConnectionImpl@e2d9923
2025-12-30T15:01:40.428+09:00  INFO 97215 --- [    Test worker] com.zaxxer.hikari.HikariDataSource       : HikariPool-1 - Start completed.
2025-12-30T15:01:40.777+09:00  INFO 97215 --- [    Test worker] o.h.e.t.j.p.i.JtaPlatformInitiator       : HHH000489: No JTA platform available (set 'hibernate.transaction.jta.platform' to enable JTA platform integration)
2025-12-30T15:01:40.805+09:00  INFO 97215 --- [    Test worker] j.LocalContainerEntityManagerFactoryBean : Initialized JPA EntityManagerFactory for persistence unit 'default'
2025-12-30T15:01:41.045+09:00  WARN 97215 --- [    Test worker] JpaBaseConfiguration$JpaWebConfiguration : spring.jpa.open-in-view is enabled by default. Therefore, database queries may be performed during view rendering. Explicitly configure spring.jpa.open-in-view to disable this warning
2025-12-30T15:01:41.361+09:00  INFO 97215 --- [    Test worker] o.s.b.t.m.w.SpringBootMockServletContext : Initializing Spring TestDispatcherServlet ''
2025-12-30T15:01:41.362+09:00  INFO 97215 --- [    Test worker] o.s.t.web.servlet.TestDispatcherServlet  : Initializing Servlet ''
2025-12-30T15:01:41.362+09:00  INFO 97215 --- [    Test worker] o.s.t.web.servlet.TestDispatcherServlet  : Completed initialization in 0 ms
2025-12-30T15:01:41.378+09:00  INFO 97215 --- [    Test worker] c.c.api.controller.AuthControllerTest    : Started AuthControllerTest in 2.431 seconds (process running for 2.949)

MockHttpServletRequest:
      HTTP Method = POST
      Request URI = /api/auth/send-code
       Parameters = {email=[new-user@example.com]}
          Headers = []
             Body = null
    Session Attrs = {}

Handler:
             Type = com.concert.api.controller.AuthController
           Method = com.concert.api.controller.AuthController#sendCode(String)

Async:
    Async started = false
     Async result = null

Resolved Exception:
             Type = null

ModelAndView:
        View name = null
             View = null
            Model = null

FlashMap:
       Attributes = null

MockHttpServletResponse:
           Status = 200
    Error message = null
          Headers = [Content-Type:"application/json"]
     Content type = application/json
             Body = {"success":true,"data":"1234","message":"인증번호 발송에 성공했습니다."}
    Forwarded URL = null
   Redirected URL = null
          Cookies = []
]]></system-out>
  <system-err><![CDATA[WARNING: A Java agent has been loaded dynamically (/Users/hadong/.gradle/caches/modules-2/files-2.1/net.bytebuddy/byte-buddy-agent/1.14.10/90ed94ac044ea8953b224304c762316e91fd6b31/byte-buddy-agent-1.14.10.jar)
WARNING: If a serviceability tool is in use, please run with -XX:+EnableDynamicAgentLoading to hide this warning
WARNING: If a serviceability tool is not in use, please run with -Djdk.instrument.traceUsage for more information
WARNING: Dynamic loading of agents will be disallowed by default in a future release
]]></system-err>
</testsuite>
